<?xml version="1.0" encoding="UTF-8"?>
<beans xmlns="http://www.springframework.org/schema/beans"
       xmlns:xsi="http://www.w3.org/2001/XMLSchema-instance"
       xmlns:context="http://www.springframework.org/schema/context"
       xmlns:mongo="http://www.springframework.org/schema/data/mongo"
       xsi:schemaLocation=
          "http://www.springframework.org/schema/context
          http://www.springframework.org/schema/context/spring-context-3.0.xsd
          http://www.springframework.org/schema/data/mongo
          http://www.springframework.org/schema/data/mongo/spring-mongo-1.0.xsd
          http://www.springframework.org/schema/beans
          http://www.springframework.org/schema/beans/spring-beans-3.0.xsd">

    <!-- Fake mongo -->
    <bean id="mongo" factory-bean="fongo" factory-method="getMongo" />
    <bean name="fongo" class="com.github.fakemongo.Fongo">
        <constructor-arg value="InMemoryMongo" />
    </bean>

    <!-- Overwrite default token services with in-memory version, better for unit testing -->
    <bean id="tokenStore" class="org.springframework.security.oauth2.provider.token.InMemoryTokenStore" />
    <bean id="tokenServices" class="org.springframework.security.oauth2.provider.token.DefaultTokenServices">
        <property name="tokenStore" ref="tokenStore" />
        <property name="supportRefreshToken" value="true" />
    </bean>
    
    <bean id="testEventQueue" class="org.bordylek.web.TestEventQueue"/>
    
</beans>
