<?xml version="1.0" encoding="UTF-8"?>
<beans xmlns="http://www.springframework.org/schema/beans"
       xmlns:xsi="http://www.w3.org/2001/XMLSchema-instance"
       xmlns:context="http://www.springframework.org/schema/context"
       xmlns:mongo="http://www.springframework.org/schema/data/mongo"
       xsi:schemaLocation=
          "http://www.springframework.org/schema/context
          http://www.springframework.org/schema/context/spring-context-3.0.xsd
          http://www.springframework.org/schema/data/mongo
          http://www.springframework.org/schema/data/mongo/spring-mongo-1.0.xsd
          http://www.springframework.org/schema/beans
          http://www.springframework.org/schema/beans/spring-beans-3.0.xsd">

    <!-- Fake mongo -->
    <bean id="mongo" factory-bean="fongo" factory-method="getMongo" />
    <bean name="fongo" class="com.github.fakemongo.Fongo">
        <constructor-arg value="InMemoryMongo" />
    </bean>

    <bean id="mailSender" class="org.bordylek.web.TestMailSender"/>

    <!-- Shared cache for junit -->
    <bean id="ehcache" class="org.springframework.cache.ehcache.EhCacheManagerFactoryBean">
        <property name="configLocation" value="classpath:/ehcache.xml"/>
        <property name="shared" value="true"/>
    </bean>

    <bean id="mongoReporter" class="org.bordylek.web.metrics.MongoDBReporter">
        <constructor-arg index="0" ref="metrics"/>
        <constructor-arg index="1" value="MINUTES"/>
        <constructor-arg index="2" value="MINUTES"/>
        <constructor-arg index="3" value="ALL"/>
        <property name="period" value="1"/>
        <property name="timeUnit" value="SECONDS"/>
    </bean>

</beans>
