<?xml version="1.0" encoding="UTF-8"?>
<beans xmlns="http://www.springframework.org/schema/beans"
       xmlns:xsi="http://www.w3.org/2001/XMLSchema-instance"
       xmlns:context="http://www.springframework.org/schema/context"
       xmlns:mongo="http://www.springframework.org/schema/data/mongo"
       xmlns:drools="http://drools.org/schema/drools-spring"
       xmlns:int="http://www.springframework.org/schema/integration"
       xsi:schemaLocation="
          http://www.springframework.org/schema/context http://www.springframework.org/schema/context/spring-context-3.0.xsd
          http://www.springframework.org/schema/data/mongo http://www.springframework.org/schema/data/mongo/spring-mongo-1.0.xsd
          http://www.springframework.org/schema/integration http://www.springframework.org/schema/integration/spring-integration.xsd
          http://www.springframework.org/schema/beans http://www.springframework.org/schema/beans/spring-beans-3.0.xsd
          http://drools.org/schema/drools-spring http://drools.org/schema/drools-spring.xsd">

    <!-- Fake mongo -->
    <bean id="mongo" factory-bean="fongo" factory-method="getMongo" />
    <bean name="fongo" class="com.github.fakemongo.Fongo">
        <constructor-arg value="InMemoryMongo" />
    </bean>

    <bean id="ehcache" class="org.springframework.cache.ehcache.EhCacheManagerFactoryBean">
        <property name="configLocation" value="classpath:/ehcache.xml"/>
        <property name="shared" value="true"/>
    </bean>

    <drools:kbase id="rules">
        <drools:resources>
            <drools:resource type="DRL" source="classpath:test.drl"/>
        </drools:resources>
    </drools:kbase>

    <bean id="alertScheduler" class="org.mockito.Mockito" factory-method="mock" primary="true">
        <constructor-arg value="org.springframework.scheduling.concurrent.ThreadPoolTaskScheduler"/>
    </bean>

    <int:service-activator input-channel="notifications" ref="userNotifier" method="notify">
        <int:poller task-executor="slowExecutor" fixed-rate="1" time-unit="SECONDS"/>
    </int:service-activator>

    <bean id="mailSender" class="org.bordylek.mon.TestMailSender"/>

</beans>
